{"/home/abdelrahmanabdelhamed/Desktop/gateway/src/app.controller.ts": {"path":"/home/abdelrahmanabdelhamed/Desktop/gateway/src/app.controller.ts","statementMap":{"0":{"start":{"line":1,"column":0},"end":{"line":1,"column":49}},"1":{"start":{"line":2,"column":0},"end":{"line":2,"column":43}},"2":{"start":{"line":5,"column":0},"end":{"line":12,"column":null}},"3":{"start":{"line":6,"column":31},"end":{"line":6,"column":43}},"4":{"start":{"line":10,"column":4},"end":{"line":10,"column":38}},"5":{"start":{"line":9,"column":2},"end":{"line":11,"column":null}},"6":{"start":{"line":5,"column":13},"end":{"line":12,"column":null}},"7":{"start":{"line":5,"column":13},"end":{"line":5,"column":26}}},"fnMap":{"0":{"name":"(anonymous_2)","decl":{"start":{"line":6,"column":2},"end":{"line":6,"column":31}},"loc":{"start":{"line":6,"column":53},"end":{"line":6,"column":57}}},"1":{"name":"(anonymous_3)","decl":{"start":{"line":9,"column":2},"end":{"line":9,"column":10}},"loc":{"start":{"line":9,"column":10},"end":{"line":11,"column":3}}}},"branchMap":{},"s":{"0":0,"1":0,"2":0,"3":0,"4":0,"5":0,"6":0,"7":0},"f":{"0":0,"1":0},"b":{}}
,"/home/abdelrahmanabdelhamed/Desktop/gateway/src/app.module.ts": {"path":"/home/abdelrahmanabdelhamed/Desktop/gateway/src/app.module.ts","statementMap":{"0":{"start":{"line":1,"column":0},"end":{"line":1,"column":40}},"1":{"start":{"line":2,"column":0},"end":{"line":2,"column":49}},"2":{"start":{"line":3,"column":0},"end":{"line":3,"column":43}},"3":{"start":{"line":4,"column":0},"end":{"line":4,"column":57}},"4":{"start":{"line":5,"column":0},"end":{"line":5,"column":50}},"5":{"start":{"line":6,"column":0},"end":{"line":6,"column":42}},"6":{"start":{"line":7,"column":0},"end":{"line":7,"column":64}},"7":{"start":{"line":8,"column":0},"end":{"line":8,"column":78}},"8":{"start":{"line":24,"column":0},"end":{"line":24,"column":null}},"9":{"start":{"line":24,"column":13},"end":{"line":24,"column":null}},"10":{"start":{"line":24,"column":13},"end":{"line":24,"column":22}}},"fnMap":{},"branchMap":{},"s":{"0":0,"1":0,"2":0,"3":0,"4":0,"5":0,"6":0,"7":0,"8":0,"9":0,"10":0},"f":{},"b":{}}
,"/home/abdelrahmanabdelhamed/Desktop/gateway/src/app.service.ts": {"path":"/home/abdelrahmanabdelhamed/Desktop/gateway/src/app.service.ts","statementMap":{"0":{"start":{"line":1,"column":0},"end":{"line":1,"column":44}},"1":{"start":{"line":4,"column":0},"end":{"line":8,"column":null}},"2":{"start":{"line":6,"column":4},"end":{"line":6,"column":26}},"3":{"start":{"line":4,"column":13},"end":{"line":8,"column":null}},"4":{"start":{"line":4,"column":13},"end":{"line":4,"column":23}}},"fnMap":{"0":{"name":"(anonymous_1)","decl":{"start":{"line":5,"column":2},"end":{"line":5,"column":10}},"loc":{"start":{"line":5,"column":10},"end":{"line":7,"column":3}}}},"branchMap":{},"s":{"0":0,"1":0,"2":0,"3":0,"4":0},"f":{"0":0},"b":{}}
,"/home/abdelrahmanabdelhamed/Desktop/gateway/src/main.ts": {"path":"/home/abdelrahmanabdelhamed/Desktop/gateway/src/main.ts","statementMap":{"0":{"start":{"line":1,"column":0},"end":{"line":1,"column":86}},"1":{"start":{"line":2,"column":0},"end":{"line":2,"column":43}},"2":{"start":{"line":3,"column":0},"end":{"line":3,"column":41}},"3":{"start":{"line":6,"column":14},"end":{"line":6,"column":49}},"4":{"start":{"line":7,"column":3},"end":{"line":13,"column":11}},"5":{"start":{"line":14,"column":2},"end":{"line":14,"column":25}},"6":{"start":{"line":16,"column":0},"end":{"line":16,"column":12}}},"fnMap":{"0":{"name":"bootstrap","decl":{"start":{"line":5,"column":15},"end":{"line":5,"column":24}},"loc":{"start":{"line":5,"column":24},"end":{"line":15,"column":1}}}},"branchMap":{},"s":{"0":0,"1":0,"2":0,"3":0,"4":0,"5":0,"6":0},"f":{"0":0},"b":{}}
,"/home/abdelrahmanabdelhamed/Desktop/gateway/src/exceptions/bad-exception.filter.ts": {"path":"/home/abdelrahmanabdelhamed/Desktop/gateway/src/exceptions/bad-exception.filter.ts","statementMap":{"0":{"start":{"line":1,"column":0},"end":{"line":1,"column":null}},"1":{"start":{"line":10,"column":0},"end":{"line":23,"column":null}},"2":{"start":{"line":12,"column":20},"end":{"line":12,"column":39}},"3":{"start":{"line":13,"column":21},"end":{"line":13,"column":52}},"4":{"start":{"line":14,"column":19},"end":{"line":14,"column":40}},"5":{"start":{"line":16,"column":4},"end":{"line":21,"column":7}},"6":{"start":{"line":10,"column":13},"end":{"line":23,"column":null}},"7":{"start":{"line":10,"column":13},"end":{"line":10,"column":38}}},"fnMap":{"0":{"name":"(anonymous_1)","decl":{"start":{"line":11,"column":2},"end":{"line":11,"column":7}},"loc":{"start":{"line":11,"column":59},"end":{"line":22,"column":3}}}},"branchMap":{"0":{"loc":{"start":{"line":19,"column":14},"end":{"line":19,"column":80}},"type":"binary-expr","locations":[{"start":{"line":19,"column":14},"end":{"line":19,"column":74}},{"start":{"line":19,"column":78},"end":{"line":19,"column":80}}]},"1":{"loc":{"start":{"line":19,"column":14},"end":{"line":19,"column":74}},"type":"cond-expr","locations":[{"start":{"line":19,"column":65},"end":{"line":19,"column":67}},{"start":{"line":19,"column":65},"end":{"line":19,"column":74}}]},"2":{"loc":{"start":{"line":19,"column":14},"end":{"line":19,"column":67}},"type":"binary-expr","locations":[{"start":{"line":19,"column":14},"end":{"line":19,"column":67}},{"start":{"line":19,"column":65},"end":{"line":19,"column":67}}]}},"s":{"0":0,"1":0,"2":0,"3":0,"4":0,"5":0,"6":0,"7":0},"f":{"0":0},"b":{"0":[0,0],"1":[0,0],"2":[0,0]}}
,"/home/abdelrahmanabdelhamed/Desktop/gateway/src/exceptions/exception.filter.ts": {"path":"/home/abdelrahmanabdelhamed/Desktop/gateway/src/exceptions/exception.filter.ts","statementMap":{"0":{"start":{"line":1,"column":0},"end":{"line":1,"column":null}},"1":{"start":{"line":11,"column":0},"end":{"line":33,"column":null}},"2":{"start":{"line":13,"column":24},"end":{"line":13,"column":43}},"3":{"start":{"line":14,"column":25},"end":{"line":14,"column":56}},"4":{"start":{"line":16,"column":12},"end":{"line":18,"column":50}},"5":{"start":{"line":21,"column":12},"end":{"line":21,"column":84}},"6":{"start":{"line":24,"column":12},"end":{"line":24,"column":79}},"7":{"start":{"line":26,"column":8},"end":{"line":31,"column":11}},"8":{"start":{"line":11,"column":13},"end":{"line":33,"column":null}},"9":{"start":{"line":11,"column":13},"end":{"line":11,"column":29}}},"fnMap":{"0":{"name":"(anonymous_1)","decl":{"start":{"line":12,"column":4},"end":{"line":12,"column":9}},"loc":{"start":{"line":12,"column":47},"end":{"line":32,"column":5}}}},"branchMap":{"0":{"loc":{"start":{"line":16,"column":12},"end":{"line":18,"column":50}},"type":"cond-expr","locations":[{"start":{"line":17,"column":18},"end":{"line":17,"column":39}},{"start":{"line":18,"column":18},"end":{"line":18,"column":50}}]},"1":{"loc":{"start":{"line":21,"column":12},"end":{"line":21,"column":84}},"type":"cond-expr","locations":[{"start":{"line":21,"column":41},"end":{"line":21,"column":58}},{"start":{"line":21,"column":61},"end":{"line":21,"column":84}}]},"2":{"loc":{"start":{"line":24,"column":12},"end":{"line":24,"column":79}},"type":"cond-expr","locations":[{"start":{"line":24,"column":52},"end":{"line":24,"column":67}},{"start":{"line":24,"column":70},"end":{"line":24,"column":79}}]}},"s":{"0":0,"1":0,"2":0,"3":0,"4":0,"5":0,"6":0,"7":0,"8":0,"9":0},"f":{"0":0},"b":{"0":[0,0],"1":[0,0],"2":[0,0]}}
,"/home/abdelrahmanabdelhamed/Desktop/gateway/src/gateway/gateway.controller.ts": {"path":"/home/abdelrahmanabdelhamed/Desktop/gateway/src/gateway/gateway.controller.ts","statementMap":{"0":{"start":{"line":1,"column":0},"end":{"line":1,"column":83}},"1":{"start":{"line":2,"column":0},"end":{"line":2,"column":51}},"2":{"start":{"line":3,"column":0},"end":{"line":3,"column":60}},"3":{"start":{"line":4,"column":0},"end":{"line":4,"column":60}},"4":{"start":{"line":5,"column":0},"end":{"line":5,"column":68}},"5":{"start":{"line":6,"column":0},"end":{"line":6,"column":58}},"6":{"start":{"line":9,"column":0},"end":{"line":46,"column":null}},"7":{"start":{"line":10,"column":31},"end":{"line":10,"column":47}},"8":{"start":{"line":14,"column":4},"end":{"line":14,"column":56}},"9":{"start":{"line":19,"column":4},"end":{"line":19,"column":41}},"10":{"start":{"line":24,"column":4},"end":{"line":24,"column":51}},"11":{"start":{"line":29,"column":4},"end":{"line":29,"column":67}},"12":{"start":{"line":34,"column":4},"end":{"line":34,"column":49}},"13":{"start":{"line":39,"column":4},"end":{"line":39,"column":72}},"14":{"start":{"line":44,"column":4},"end":{"line":44,"column":72}},"15":{"start":{"line":13,"column":2},"end":{"line":15,"column":null}},"16":{"start":{"line":18,"column":2},"end":{"line":20,"column":null}},"17":{"start":{"line":23,"column":2},"end":{"line":25,"column":null}},"18":{"start":{"line":28,"column":2},"end":{"line":30,"column":null}},"19":{"start":{"line":33,"column":2},"end":{"line":35,"column":null}},"20":{"start":{"line":38,"column":2},"end":{"line":40,"column":null}},"21":{"start":{"line":43,"column":2},"end":{"line":45,"column":null}},"22":{"start":{"line":9,"column":13},"end":{"line":46,"column":null}},"23":{"start":{"line":9,"column":13},"end":{"line":9,"column":30}}},"fnMap":{"0":{"name":"(anonymous_4)","decl":{"start":{"line":10,"column":2},"end":{"line":10,"column":31}},"loc":{"start":{"line":10,"column":61},"end":{"line":10,"column":66}}},"1":{"name":"(anonymous_5)","decl":{"start":{"line":13,"column":2},"end":{"line":13,"column":8}},"loc":{"start":{"line":13,"column":51},"end":{"line":15,"column":3}}},"2":{"name":"(anonymous_6)","decl":{"start":{"line":18,"column":2},"end":{"line":18,"column":9}},"loc":{"start":{"line":18,"column":9},"end":{"line":20,"column":3}}},"3":{"name":"(anonymous_7)","decl":{"start":{"line":23,"column":2},"end":{"line":23,"column":10}},"loc":{"start":{"line":23,"column":46},"end":{"line":25,"column":3}}},"4":{"name":"(anonymous_8)","decl":{"start":{"line":28,"column":2},"end":{"line":28,"column":8}},"loc":{"start":{"line":28,"column":88},"end":{"line":30,"column":3}}},"5":{"name":"(anonymous_9)","decl":{"start":{"line":33,"column":2},"end":{"line":33,"column":8}},"loc":{"start":{"line":33,"column":44},"end":{"line":35,"column":3}}},"6":{"name":"(anonymous_10)","decl":{"start":{"line":38,"column":2},"end":{"line":38,"column":14}},"loc":{"start":{"line":38,"column":92},"end":{"line":40,"column":3}}},"7":{"name":"(anonymous_11)","decl":{"start":{"line":43,"column":2},"end":{"line":43,"column":14}},"loc":{"start":{"line":43,"column":50},"end":{"line":45,"column":3}}}},"branchMap":{},"s":{"0":0,"1":0,"2":0,"3":0,"4":0,"5":0,"6":0,"7":0,"8":0,"9":0,"10":0,"11":0,"12":0,"13":0,"14":0,"15":0,"16":0,"17":0,"18":0,"19":0,"20":0,"21":0,"22":0,"23":0},"f":{"0":0,"1":0,"2":0,"3":0,"4":0,"5":0,"6":0,"7":0},"b":{}}
,"/home/abdelrahmanabdelhamed/Desktop/gateway/src/gateway/gateway.module.ts": {"path":"/home/abdelrahmanabdelhamed/Desktop/gateway/src/gateway/gateway.module.ts","statementMap":{"0":{"start":{"line":1,"column":0},"end":{"line":1,"column":40}},"1":{"start":{"line":2,"column":0},"end":{"line":2,"column":50}},"2":{"start":{"line":3,"column":0},"end":{"line":3,"column":57}},"3":{"start":{"line":4,"column":0},"end":{"line":4,"column":66}},"4":{"start":{"line":5,"column":0},"end":{"line":5,"column":57}},"5":{"start":{"line":6,"column":0},"end":{"line":6,"column":51}},"6":{"start":{"line":7,"column":0},"end":{"line":7,"column":63}},"7":{"start":{"line":19,"column":0},"end":{"line":19,"column":null}},"8":{"start":{"line":19,"column":13},"end":{"line":19,"column":null}},"9":{"start":{"line":19,"column":13},"end":{"line":19,"column":26}}},"fnMap":{},"branchMap":{},"s":{"0":0,"1":0,"2":0,"3":0,"4":0,"5":0,"6":0,"7":0,"8":0,"9":0},"f":{},"b":{}}
,"/home/abdelrahmanabdelhamed/Desktop/gateway/src/gateway/gateway.repository.ts": {"path":"/home/abdelrahmanabdelhamed/Desktop/gateway/src/gateway/gateway.repository.ts","statementMap":{"0":{"start":{"line":1,"column":0},"end":{"line":1,"column":44}},"1":{"start":{"line":2,"column":0},"end":{"line":2,"column":47}},"2":{"start":{"line":3,"column":0},"end":{"line":3,"column":56}},"3":{"start":{"line":5,"column":0},"end":{"line":5,"column":68}},"4":{"start":{"line":8,"column":0},"end":{"line":55,"column":null}},"5":{"start":{"line":10,"column":43},"end":{"line":10,"column":57}},"6":{"start":{"line":14,"column":8},"end":{"line":14,"column":46}},"7":{"start":{"line":18,"column":8},"end":{"line":18,"column":59}},"8":{"start":{"line":22,"column":8},"end":{"line":22,"column":58}},"9":{"start":{"line":26,"column":8},"end":{"line":26,"column":94}},"10":{"start":{"line":30,"column":8},"end":{"line":30,"column":71}},"11":{"start":{"line":34,"column":8},"end":{"line":36,"column":26}},"12":{"start":{"line":40,"column":8},"end":{"line":42,"column":26}},"13":{"start":{"line":46,"column":29},"end":{"line":46,"column":150}},"14":{"start":{"line":47,"column":8},"end":{"line":47,"column":72}},"15":{"start":{"line":51,"column":23},"end":{"line":51,"column":100}},"16":{"start":{"line":52,"column":8},"end":{"line":52,"column":30}},"17":{"start":{"line":8,"column":13},"end":{"line":55,"column":null}},"18":{"start":{"line":8,"column":13},"end":{"line":8,"column":30}}},"fnMap":{"0":{"name":"(anonymous_4)","decl":{"start":{"line":9,"column":4},"end":{"line":9,"column":null}},"loc":{"start":{"line":10,"column":79},"end":{"line":11,"column":9}}},"1":{"name":"(anonymous_5)","decl":{"start":{"line":13,"column":4},"end":{"line":13,"column":9}},"loc":{"start":{"line":13,"column":31},"end":{"line":15,"column":5}}},"2":{"name":"(anonymous_6)","decl":{"start":{"line":17,"column":4},"end":{"line":17,"column":9}},"loc":{"start":{"line":17,"column":56},"end":{"line":19,"column":5}}},"3":{"name":"(anonymous_7)","decl":{"start":{"line":21,"column":4},"end":{"line":21,"column":9}},"loc":{"start":{"line":21,"column":33},"end":{"line":23,"column":5}}},"4":{"name":"(anonymous_8)","decl":{"start":{"line":25,"column":4},"end":{"line":25,"column":9}},"loc":{"start":{"line":25,"column":94},"end":{"line":27,"column":5}}},"5":{"name":"(anonymous_9)","decl":{"start":{"line":29,"column":4},"end":{"line":29,"column":9}},"loc":{"start":{"line":29,"column":67},"end":{"line":31,"column":5}}},"6":{"name":"(anonymous_10)","decl":{"start":{"line":33,"column":4},"end":{"line":33,"column":9}},"loc":{"start":{"line":33,"column":89},"end":{"line":37,"column":5}}},"7":{"name":"(anonymous_11)","decl":{"start":{"line":39,"column":4},"end":{"line":39,"column":9}},"loc":{"start":{"line":39,"column":113},"end":{"line":43,"column":5}}},"8":{"name":"(anonymous_12)","decl":{"start":{"line":45,"column":4},"end":{"line":45,"column":9}},"loc":{"start":{"line":45,"column":63},"end":{"line":48,"column":5}}},"9":{"name":"(anonymous_13)","decl":{"start":{"line":50,"column":4},"end":{"line":50,"column":9}},"loc":{"start":{"line":50,"column":62},"end":{"line":53,"column":5}}}},"branchMap":{"0":{"loc":{"start":{"line":47,"column":15},"end":{"line":47,"column":71}},"type":"cond-expr","locations":[{"start":{"line":47,"column":40},"end":{"line":47,"column":67}},{"start":{"line":47,"column":70},"end":{"line":47,"column":71}}]},"1":{"loc":{"start":{"line":47,"column":16},"end":{"line":47,"column":36}},"type":"cond-expr","locations":[{"start":{"line":47,"column":28},"end":{"line":47,"column":30}},{"start":{"line":47,"column":16},"end":{"line":47,"column":36}}]},"2":{"loc":{"start":{"line":47,"column":16},"end":{"line":47,"column":30}},"type":"binary-expr","locations":[{"start":{"line":47,"column":16},"end":{"line":47,"column":30}},{"start":{"line":47,"column":16},"end":{"line":47,"column":30}}]}},"s":{"0":2,"1":2,"2":2,"3":2,"4":2,"5":13,"6":1,"7":1,"8":1,"9":1,"10":1,"11":1,"12":1,"13":3,"14":3,"15":2,"16":2,"17":2,"18":2},"f":{"0":13,"1":1,"2":1,"3":1,"4":1,"5":1,"6":1,"7":1,"8":3,"9":2},"b":{"0":[1,2],"1":[1,2],"2":[3,2]}}
,"/home/abdelrahmanabdelhamed/Desktop/gateway/src/gateway/gateway.service.ts": {"path":"/home/abdelrahmanabdelhamed/Desktop/gateway/src/gateway/gateway.service.ts","statementMap":{"0":{"start":{"line":1,"column":0},"end":{"line":1,"column":65}},"1":{"start":{"line":4,"column":0},"end":{"line":4,"column":57}},"2":{"start":{"line":5,"column":0},"end":{"line":5,"column":43}},"3":{"start":{"line":9,"column":0},"end":{"line":48,"column":null}},"4":{"start":{"line":11,"column":31},"end":{"line":11,"column":50}},"5":{"start":{"line":14,"column":4},"end":{"line":14,"column":59}},"6":{"start":{"line":18,"column":4},"end":{"line":18,"column":43}},"7":{"start":{"line":22,"column":4},"end":{"line":22,"column":null}},"8":{"start":{"line":26,"column":4},"end":{"line":26,"column":82}},"9":{"start":{"line":30,"column":4},"end":{"line":30,"column":55}},"10":{"start":{"line":35,"column":24},"end":{"line":35,"column":91}},"11":{"start":{"line":36,"column":4},"end":{"line":36,"column":98}},"12":{"start":{"line":36,"column":21},"end":{"line":36,"column":98}},"13":{"start":{"line":38,"column":25},"end":{"line":38,"column":110}},"14":{"start":{"line":39,"column":4},"end":{"line":39,"column":98}},"15":{"start":{"line":39,"column":28},"end":{"line":39,"column":98}},"16":{"start":{"line":41,"column":4},"end":{"line":41,"column":87}},"17":{"start":{"line":45,"column":4},"end":{"line":45,"column":89}},"18":{"start":{"line":9,"column":13},"end":{"line":48,"column":null}},"19":{"start":{"line":9,"column":13},"end":{"line":9,"column":27}}},"fnMap":{"0":{"name":"(anonymous_2)","decl":{"start":{"line":11,"column":2},"end":{"line":11,"column":31}},"loc":{"start":{"line":11,"column":67},"end":{"line":11,"column":72}}},"1":{"name":"(anonymous_3)","decl":{"start":{"line":13,"column":2},"end":{"line":13,"column":8}},"loc":{"start":{"line":13,"column":43},"end":{"line":15,"column":3}}},"2":{"name":"(anonymous_4)","decl":{"start":{"line":17,"column":2},"end":{"line":17,"column":9}},"loc":{"start":{"line":17,"column":9},"end":{"line":19,"column":3}}},"3":{"name":"(anonymous_5)","decl":{"start":{"line":21,"column":2},"end":{"line":21,"column":10}},"loc":{"start":{"line":21,"column":23},"end":{"line":23,"column":3}}},"4":{"name":"(anonymous_6)","decl":{"start":{"line":25,"column":2},"end":{"line":25,"column":8}},"loc":{"start":{"line":25,"column":57},"end":{"line":27,"column":3}}},"5":{"name":"(anonymous_7)","decl":{"start":{"line":29,"column":2},"end":{"line":29,"column":8}},"loc":{"start":{"line":29,"column":21},"end":{"line":31,"column":3}}},"6":{"name":"(anonymous_8)","decl":{"start":{"line":33,"column":2},"end":{"line":33,"column":7}},"loc":{"start":{"line":33,"column":67},"end":{"line":42,"column":3}}},"7":{"name":"(anonymous_9)","decl":{"start":{"line":44,"column":2},"end":{"line":44,"column":7}},"loc":{"start":{"line":44,"column":51},"end":{"line":46,"column":3}}}},"branchMap":{"0":{"loc":{"start":{"line":36,"column":4},"end":{"line":36,"column":98}},"type":"if","locations":[{"start":{"line":36,"column":4},"end":{"line":36,"column":98}}]},"1":{"loc":{"start":{"line":39,"column":4},"end":{"line":39,"column":98}},"type":"if","locations":[{"start":{"line":39,"column":4},"end":{"line":39,"column":98}}]}},"s":{"0":1,"1":1,"2":1,"3":1,"4":10,"5":1,"6":1,"7":1,"8":1,"9":1,"10":3,"11":3,"12":1,"13":2,"14":2,"15":1,"16":1,"17":1,"18":1,"19":1},"f":{"0":10,"1":1,"2":1,"3":1,"4":1,"5":1,"6":3,"7":1},"b":{"0":[1],"1":[1]}}
,"/home/abdelrahmanabdelhamed/Desktop/gateway/src/gateway/dto/create-device.dto.ts": {"path":"/home/abdelrahmanabdelhamed/Desktop/gateway/src/gateway/dto/create-device.dto.ts","statementMap":{"0":{"start":{"line":1,"column":0},"end":{"line":1,"column":56}},"1":{"start":{"line":2,"column":0},"end":{"line":2,"column":null}},"2":{"start":{"line":14,"column":4},"end":{"line":14,"column":null}},"3":{"start":{"line":18,"column":4},"end":{"line":18,"column":null}},"4":{"start":{"line":23,"column":4},"end":{"line":23,"column":null}},"5":{"start":{"line":10,"column":0},"end":{"line":10,"column":13}}},"fnMap":{},"branchMap":{},"s":{"0":0,"1":0,"2":0,"3":0,"4":0,"5":0},"f":{},"b":{}}
,"/home/abdelrahmanabdelhamed/Desktop/gateway/src/gateway/dto/create-gateway.dto.ts": {"path":"/home/abdelrahmanabdelhamed/Desktop/gateway/src/gateway/dto/create-gateway.dto.ts","statementMap":{"0":{"start":{"line":1,"column":0},"end":{"line":1,"column":46}},"1":{"start":{"line":2,"column":0},"end":{"line":2,"column":41}},"2":{"start":{"line":3,"column":0},"end":{"line":3,"column":null}},"3":{"start":{"line":14,"column":0},"end":{"line":14,"column":54}},"4":{"start":{"line":25,"column":4},"end":{"line":25,"column":null}},"5":{"start":{"line":29,"column":4},"end":{"line":29,"column":null}},"6":{"start":{"line":35,"column":4},"end":{"line":35,"column":null}},"7":{"start":{"line":40,"column":4},"end":{"line":40,"column":null}},"8":{"start":{"line":45,"column":4},"end":{"line":45,"column":null}},"9":{"start":{"line":44,"column":16},"end":{"line":44,"column":31}},"10":{"start":{"line":17,"column":0},"end":{"line":17,"column":13}}},"fnMap":{"0":{"name":"(anonymous_2)","decl":{"start":{"line":44,"column":10},"end":{"line":44,"column":13}},"loc":{"start":{"line":44,"column":16},"end":{"line":44,"column":31}}}},"branchMap":{},"s":{"0":0,"1":0,"2":0,"3":0,"4":0,"5":0,"6":0,"7":0,"8":0,"9":0,"10":0},"f":{"0":0},"b":{}}
,"/home/abdelrahmanabdelhamed/Desktop/gateway/src/gateway/dto/gateway-query-params.dto.ts": {"path":"/home/abdelrahmanabdelhamed/Desktop/gateway/src/gateway/dto/gateway-query-params.dto.ts","statementMap":{"0":{"start":{"line":1,"column":0},"end":{"line":1,"column":null}},"1":{"start":{"line":9,"column":4},"end":{"line":9,"column":null}},"2":{"start":{"line":13,"column":4},"end":{"line":13,"column":null}},"3":{"start":{"line":6,"column":0},"end":{"line":6,"column":13}}},"fnMap":{},"branchMap":{},"s":{"0":0,"1":0,"2":0,"3":0},"f":{},"b":{}}
,"/home/abdelrahmanabdelhamed/Desktop/gateway/src/gateway/dto/update-gateway.dto.ts": {"path":"/home/abdelrahmanabdelhamed/Desktop/gateway/src/gateway/dto/update-gateway.dto.ts","statementMap":{"0":{"start":{"line":1,"column":0},"end":{"line":1,"column":51}},"1":{"start":{"line":2,"column":0},"end":{"line":2,"column":56}},"2":{"start":{"line":4,"column":0},"end":{"line":4,"column":13}}},"fnMap":{},"branchMap":{},"s":{"0":0,"1":0,"2":0},"f":{},"b":{}}
,"/home/abdelrahmanabdelhamed/Desktop/gateway/src/gateway/schemas/device.schema.ts": {"path":"/home/abdelrahmanabdelhamed/Desktop/gateway/src/gateway/schemas/device.schema.ts","statementMap":{"0":{"start":{"line":1,"column":0},"end":{"line":1,"column":63}},"1":{"start":{"line":3,"column":13},"end":{"line":3,"column":50}},"2":{"start":{"line":6,"column":0},"end":{"line":15,"column":null}},"3":{"start":{"line":8,"column":4},"end":{"line":8,"column":null}},"4":{"start":{"line":11,"column":4},"end":{"line":11,"column":null}},"5":{"start":{"line":14,"column":4},"end":{"line":14,"column":null}},"6":{"start":{"line":6,"column":13},"end":{"line":15,"column":null}},"7":{"start":{"line":6,"column":13},"end":{"line":6,"column":19}},"8":{"start":{"line":17,"column":13},"end":{"line":17,"column":65}}},"fnMap":{},"branchMap":{},"s":{"0":2,"1":2,"2":2,"3":2,"4":2,"5":2,"6":2,"7":2,"8":2},"f":{},"b":{}}
,"/home/abdelrahmanabdelhamed/Desktop/gateway/src/gateway/schemas/gateway.schema.ts": {"path":"/home/abdelrahmanabdelhamed/Desktop/gateway/src/gateway/schemas/gateway.schema.ts","statementMap":{"0":{"start":{"line":1,"column":0},"end":{"line":1,"column":63}},"1":{"start":{"line":4,"column":0},"end":{"line":4,"column":55}},"2":{"start":{"line":10,"column":0},"end":{"line":23,"column":null}},"3":{"start":{"line":13,"column":4},"end":{"line":13,"column":null}},"4":{"start":{"line":16,"column":4},"end":{"line":16,"column":null}},"5":{"start":{"line":19,"column":4},"end":{"line":19,"column":null}},"6":{"start":{"line":22,"column":4},"end":{"line":22,"column":null}},"7":{"start":{"line":10,"column":13},"end":{"line":23,"column":null}},"8":{"start":{"line":10,"column":13},"end":{"line":10,"column":20}},"9":{"start":{"line":25,"column":13},"end":{"line":25,"column":67}}},"fnMap":{},"branchMap":{},"s":{"0":2,"1":2,"2":2,"3":2,"4":2,"5":2,"6":2,"7":2,"8":2,"9":2},"f":{},"b":{}}
}
