TN:
SF:src/app.controller.ts
FN:6,(anonymous_2)
FN:9,(anonymous_3)
FNF:2
FNH:0
FNDA:0,(anonymous_2)
FNDA:0,(anonymous_3)
DA:1,0
DA:2,0
DA:5,0
DA:6,0
DA:9,0
DA:10,0
LF:6
LH:0
BRF:0
BRH:0
end_of_record
TN:
SF:src/app.module.ts
FNF:0
FNH:0
DA:1,0
DA:2,0
DA:3,0
DA:4,0
DA:5,0
DA:6,0
DA:7,0
DA:8,0
DA:24,0
LF:9
LH:0
BRF:0
BRH:0
end_of_record
TN:
SF:src/app.service.ts
FN:5,(anonymous_1)
FNF:1
FNH:0
FNDA:0,(anonymous_1)
DA:1,0
DA:4,0
DA:6,0
LF:3
LH:0
BRF:0
BRH:0
end_of_record
TN:
SF:src/main.ts
FN:5,bootstrap
FNF:1
FNH:0
FNDA:0,bootstrap
DA:1,0
DA:2,0
DA:3,0
DA:6,0
DA:7,0
DA:14,0
DA:16,0
LF:7
LH:0
BRF:0
BRH:0
end_of_record
TN:
SF:src/exceptions/bad-exception.filter.ts
FN:11,(anonymous_1)
FNF:1
FNH:0
FNDA:0,(anonymous_1)
DA:1,0
DA:10,0
DA:12,0
DA:13,0
DA:14,0
DA:16,0
LF:6
LH:0
BRDA:19,0,0,0
BRDA:19,0,1,0
BRDA:19,1,0,0
BRDA:19,1,1,0
BRDA:19,2,0,0
BRDA:19,2,1,0
BRF:6
BRH:0
end_of_record
TN:
SF:src/exceptions/exception.filter.ts
FN:12,(anonymous_1)
FNF:1
FNH:0
FNDA:0,(anonymous_1)
DA:1,0
DA:11,0
DA:13,0
DA:14,0
DA:16,0
DA:21,0
DA:24,0
DA:26,0
LF:8
LH:0
BRDA:16,0,0,0
BRDA:16,0,1,0
BRDA:21,1,0,0
BRDA:21,1,1,0
BRDA:24,2,0,0
BRDA:24,2,1,0
BRF:6
BRH:0
end_of_record
TN:
SF:src/gateway/gateway.controller.ts
FN:10,(anonymous_4)
FN:13,(anonymous_5)
FN:18,(anonymous_6)
FN:23,(anonymous_7)
FN:28,(anonymous_8)
FN:33,(anonymous_9)
FN:38,(anonymous_10)
FN:43,(anonymous_11)
FNF:8
FNH:0
FNDA:0,(anonymous_4)
FNDA:0,(anonymous_5)
FNDA:0,(anonymous_6)
FNDA:0,(anonymous_7)
FNDA:0,(anonymous_8)
FNDA:0,(anonymous_9)
FNDA:0,(anonymous_10)
FNDA:0,(anonymous_11)
DA:1,0
DA:2,0
DA:3,0
DA:4,0
DA:5,0
DA:6,0
DA:9,0
DA:10,0
DA:13,0
DA:14,0
DA:18,0
DA:19,0
DA:23,0
DA:24,0
DA:28,0
DA:29,0
DA:33,0
DA:34,0
DA:38,0
DA:39,0
DA:43,0
DA:44,0
LF:22
LH:0
BRF:0
BRH:0
end_of_record
TN:
SF:src/gateway/gateway.module.ts
FNF:0
FNH:0
DA:1,0
DA:2,0
DA:3,0
DA:4,0
DA:5,0
DA:6,0
DA:7,0
DA:19,0
LF:8
LH:0
BRF:0
BRH:0
end_of_record
TN:
SF:src/gateway/gateway.repository.ts
FN:9,(anonymous_4)
FN:13,(anonymous_5)
FN:17,(anonymous_6)
FN:21,(anonymous_7)
FN:25,(anonymous_8)
FN:29,(anonymous_9)
FN:33,(anonymous_10)
FN:39,(anonymous_11)
FN:45,(anonymous_12)
FN:50,(anonymous_13)
FNF:10
FNH:10
FNDA:13,(anonymous_4)
FNDA:1,(anonymous_5)
FNDA:1,(anonymous_6)
FNDA:1,(anonymous_7)
FNDA:1,(anonymous_8)
FNDA:1,(anonymous_9)
FNDA:1,(anonymous_10)
FNDA:1,(anonymous_11)
FNDA:3,(anonymous_12)
FNDA:2,(anonymous_13)
DA:1,2
DA:2,2
DA:3,2
DA:5,2
DA:8,2
DA:10,13
DA:14,1
DA:18,1
DA:22,1
DA:26,1
DA:30,1
DA:34,1
DA:40,1
DA:46,3
DA:47,3
DA:51,2
DA:52,2
LF:17
LH:17
BRDA:47,0,0,1
BRDA:47,0,1,2
BRDA:47,1,0,1
BRDA:47,1,1,2
BRDA:47,2,0,3
BRDA:47,2,1,2
BRF:6
BRH:6
end_of_record
TN:
SF:src/gateway/gateway.service.ts
FN:11,(anonymous_2)
FN:13,(anonymous_3)
FN:17,(anonymous_4)
FN:21,(anonymous_5)
FN:25,(anonymous_6)
FN:29,(anonymous_7)
FN:33,(anonymous_8)
FN:44,(anonymous_9)
FNF:8
FNH:8
FNDA:10,(anonymous_2)
FNDA:1,(anonymous_3)
FNDA:1,(anonymous_4)
FNDA:1,(anonymous_5)
FNDA:1,(anonymous_6)
FNDA:1,(anonymous_7)
FNDA:3,(anonymous_8)
FNDA:1,(anonymous_9)
DA:1,1
DA:4,1
DA:5,1
DA:9,1
DA:11,10
DA:14,1
DA:18,1
DA:22,1
DA:26,1
DA:30,1
DA:35,3
DA:36,3
DA:38,2
DA:39,2
DA:41,1
DA:45,1
LF:16
LH:16
BRDA:36,0,0,1
BRDA:39,1,0,1
BRF:2
BRH:2
end_of_record
TN:
SF:src/gateway/dto/create-device.dto.ts
FNF:0
FNH:0
DA:1,0
DA:2,0
DA:10,0
DA:14,0
DA:18,0
DA:23,0
LF:6
LH:0
BRF:0
BRH:0
end_of_record
TN:
SF:src/gateway/dto/create-gateway.dto.ts
FN:44,(anonymous_2)
FNF:1
FNH:0
FNDA:0,(anonymous_2)
DA:1,0
DA:2,0
DA:3,0
DA:14,0
DA:17,0
DA:25,0
DA:29,0
DA:35,0
DA:40,0
DA:44,0
DA:45,0
LF:11
LH:0
BRF:0
BRH:0
end_of_record
TN:
SF:src/gateway/dto/gateway-query-params.dto.ts
FNF:0
FNH:0
DA:1,0
DA:6,0
DA:9,0
DA:13,0
LF:4
LH:0
BRF:0
BRH:0
end_of_record
TN:
SF:src/gateway/dto/update-gateway.dto.ts
FNF:0
FNH:0
DA:1,0
DA:2,0
DA:4,0
LF:3
LH:0
BRF:0
BRH:0
end_of_record
TN:
SF:src/gateway/schemas/device.schema.ts
FNF:0
FNH:0
DA:1,2
DA:3,2
DA:6,2
DA:8,2
DA:11,2
DA:14,2
DA:17,2
LF:7
LH:7
BRF:0
BRH:0
end_of_record
TN:
SF:src/gateway/schemas/gateway.schema.ts
FNF:0
FNH:0
DA:1,2
DA:4,2
DA:10,2
DA:13,2
DA:16,2
DA:19,2
DA:22,2
DA:25,2
LF:8
LH:8
BRF:0
BRH:0
end_of_record
